14:52:47.648 [main] DEBUG com.intuit.karate.Suite - [config] classpath:karate-config.js
14:52:48.272 [main] INFO  com.intuit.karate - karate.env system property was: null 
14:52:48.496 [main] DEBUG com.intuit.karate - request:
1 > GET https://rickandmortyapi.com/api/character/692
1 > Host: rickandmortyapi.com
1 > Connection: Keep-Alive
1 > User-Agent: Apache-HttpClient/4.5.13 (Java/21.0.1)
1 > Accept-Encoding: gzip,deflate


14:52:52.191 [main] DEBUG com.intuit.karate - response time in milliseconds: 3674
1 < 200
1 < Access-Control-Allow-Origin: *
1 < Age: 1
1 < Cache-Control: max-age=259200
1 < Cache-Status: "Netlify Edge"; fwd=miss
1 < Content-Length: 526
1 < Content-Type: application/json; charset=utf-8
1 < Date: Sun, 03 Dec 2023 17:52:52 GMT
1 < Etag: W/"20e-AFxmc9wbpubqn0Z2kOLR3a9hPkw"
1 < Expires: Wed, 06 Dec 2023 17:52:52 GMT
1 < Server: Netlify
1 < Strict-Transport-Security: max-age=31536000
1 < X-Nf-Request-Id: 01HGRCZH77FPC4KAGYY4TKYFGX
1 < X-Powered-By: Express
{"image":"https:\/\/rickandmortyapi.com\/api\/character\/avatar\/692.jpeg","gender":"Male","species":"Robot","created":"2021-10-16T15:32:27.166Z","origin":{"name":"Earth (Replacement Dimension)","url":"https:\/\/rickandmortyapi.com\/api\/location\/20"},"name":"Glockenspiel Jerry","location":{"name":"Earth (Replacement Dimension)","url":"https:\/\/rickandmortyapi.com\/api\/location\/20"},"episode":["https:\/\/rickandmortyapi.com\/api\/episode\/43"],"id":692,"type":"Decoy","url":"https:\/\/rickandmortyapi.com\/api\/character\/692","status":"Alive"}
14:55:31.113 [main] DEBUG com.intuit.karate.Suite - [config] classpath:karate-config.js
14:55:31.705 [main] INFO  com.intuit.karate - karate.env system property was: null 
14:55:31.932 [main] DEBUG com.intuit.karate - request:
1 > GET https://rickandmortyapi.com/api/character/1
1 > Host: rickandmortyapi.com
1 > Connection: Keep-Alive
1 > User-Agent: Apache-HttpClient/4.5.13 (Java/21.0.1)
1 > Accept-Encoding: gzip,deflate


14:55:32.192 [main] DEBUG com.intuit.karate - response time in milliseconds: 233
1 < 200
1 < Access-Control-Allow-Origin: *
1 < Age: 248992
1 < Cache-Control: max-age=259200
1 < Cache-Status: "Netlify Edge"; hit
1 < Content-Type: application/json; charset=utf-8
1 < Date: Sun, 03 Dec 2023 17:55:32 GMT
1 < Etag: W/"a9f-I68Cx5oSPFclkl+Wy2Fr9jNsFS8"
1 < Expires: Sun, 03 Dec 2023 20:45:40 GMT
1 < Server: Netlify
1 < Strict-Transport-Security: max-age=31536000
1 < Vary: Accept-Encoding
1 < X-Nf-Request-Id: 01HGRD4DSEFEAJFGCWJC4CEP60
1 < X-Powered-By: Express
{"image":"https:\/\/rickandmortyapi.com\/api\/character\/avatar\/1.jpeg","gender":"Male","species":"Human","created":"2017-11-04T18:48:46.250Z","origin":{"name":"Earth (C-137)","url":"https:\/\/rickandmortyapi.com\/api\/location\/1"},"name":"Rick Sanchez","location":{"name":"Citadel of Ricks","url":"https:\/\/rickandmortyapi.com\/api\/location\/3"},"episode":["https:\/\/rickandmortyapi.com\/api\/episode\/1","https:\/\/rickandmortyapi.com\/api\/episode\/2","https:\/\/rickandmortyapi.com\/api\/episode\/3","https:\/\/rickandmortyapi.com\/api\/episode\/4","https:\/\/rickandmortyapi.com\/api\/episode\/5","https:\/\/rickandmortyapi.com\/api\/episode\/6","https:\/\/rickandmortyapi.com\/api\/episode\/7","https:\/\/rickandmortyapi.com\/api\/episode\/8","https:\/\/rickandmortyapi.com\/api\/episode\/9","https:\/\/rickandmortyapi.com\/api\/episode\/10","https:\/\/rickandmortyapi.com\/api\/episode\/11","https:\/\/rickandmortyapi.com\/api\/episode\/12","https:\/\/rickandmortyapi.com\/api\/episode\/13","https:\/\/rickandmortyapi.com\/api\/episode\/14","https:\/\/rickandmortyapi.com\/api\/episode\/15","https:\/\/rickandmortyapi.com\/api\/episode\/16","https:\/\/rickandmortyapi.com\/api\/episode\/17","https:\/\/rickandmortyapi.com\/api\/episode\/18","https:\/\/rickandmortyapi.com\/api\/episode\/19","https:\/\/rickandmortyapi.com\/api\/episode\/20","https:\/\/rickandmortyapi.com\/api\/episode\/21","https:\/\/rickandmortyapi.com\/api\/episode\/22","https:\/\/rickandmortyapi.com\/api\/episode\/23","https:\/\/rickandmortyapi.com\/api\/episode\/24","https:\/\/rickandmortyapi.com\/api\/episode\/25","https:\/\/rickandmortyapi.com\/api\/episode\/26","https:\/\/rickandmortyapi.com\/api\/episode\/27","https:\/\/rickandmortyapi.com\/api\/episode\/28","https:\/\/rickandmortyapi.com\/api\/episode\/29","https:\/\/rickandmortyapi.com\/api\/episode\/30","https:\/\/rickandmortyapi.com\/api\/episode\/31","https:\/\/rickandmortyapi.com\/api\/episode\/32","https:\/\/rickandmortyapi.com\/api\/episode\/33","https:\/\/rickandmortyapi.com\/api\/episode\/34","https:\/\/rickandmortyapi.com\/api\/episode\/35","https:\/\/rickandmortyapi.com\/api\/episode\/36","https:\/\/rickandmortyapi.com\/api\/episode\/37","https:\/\/rickandmortyapi.com\/api\/episode\/38","https:\/\/rickandmortyapi.com\/api\/episode\/39","https:\/\/rickandmortyapi.com\/api\/episode\/40","https:\/\/rickandmortyapi.com\/api\/episode\/41","https:\/\/rickandmortyapi.com\/api\/episode\/42","https:\/\/rickandmortyapi.com\/api\/episode\/43","https:\/\/rickandmortyapi.com\/api\/episode\/44","https:\/\/rickandmortyapi.com\/api\/episode\/45","https:\/\/rickandmortyapi.com\/api\/episode\/46","https:\/\/rickandmortyapi.com\/api\/episode\/47","https:\/\/rickandmortyapi.com\/api\/episode\/48","https:\/\/rickandmortyapi.com\/api\/episode\/49","https:\/\/rickandmortyapi.com\/api\/episode\/50","https:\/\/rickandmortyapi.com\/api\/episode\/51"],"id":1,"type":"","url":"https:\/\/rickandmortyapi.com\/api\/character\/1","status":"Alive"}
14:55:48.105 [main] DEBUG com.intuit.karate.Suite - [config] classpath:karate-config.js
14:55:48.707 [main] INFO  com.intuit.karate - karate.env system property was: null 
14:55:48.948 [main] DEBUG com.intuit.karate - request:
1 > GET https://rickandmortyapi.com/api/character/1
1 > Host: rickandmortyapi.com
1 > Connection: Keep-Alive
1 > User-Agent: Apache-HttpClient/4.5.13 (Java/21.0.1)
1 > Accept-Encoding: gzip,deflate


14:55:49.174 [main] DEBUG com.intuit.karate - response time in milliseconds: 200
1 < 200
1 < Access-Control-Allow-Origin: *
1 < Age: 249009
1 < Cache-Control: max-age=259200
1 < Cache-Status: "Netlify Edge"; hit
1 < Content-Type: application/json; charset=utf-8
1 < Date: Sun, 03 Dec 2023 17:55:49 GMT
1 < Etag: W/"a9f-I68Cx5oSPFclkl+Wy2Fr9jNsFS8"
1 < Expires: Sun, 03 Dec 2023 20:45:40 GMT
1 < Server: Netlify
1 < Strict-Transport-Security: max-age=31536000
1 < Vary: Accept-Encoding
1 < X-Nf-Request-Id: 01HGRD4YCB4S144S08GYHPYZ0H
1 < X-Powered-By: Express
{"image":"https:\/\/rickandmortyapi.com\/api\/character\/avatar\/1.jpeg","gender":"Male","species":"Human","created":"2017-11-04T18:48:46.250Z","origin":{"name":"Earth (C-137)","url":"https:\/\/rickandmortyapi.com\/api\/location\/1"},"name":"Rick Sanchez","location":{"name":"Citadel of Ricks","url":"https:\/\/rickandmortyapi.com\/api\/location\/3"},"episode":["https:\/\/rickandmortyapi.com\/api\/episode\/1","https:\/\/rickandmortyapi.com\/api\/episode\/2","https:\/\/rickandmortyapi.com\/api\/episode\/3","https:\/\/rickandmortyapi.com\/api\/episode\/4","https:\/\/rickandmortyapi.com\/api\/episode\/5","https:\/\/rickandmortyapi.com\/api\/episode\/6","https:\/\/rickandmortyapi.com\/api\/episode\/7","https:\/\/rickandmortyapi.com\/api\/episode\/8","https:\/\/rickandmortyapi.com\/api\/episode\/9","https:\/\/rickandmortyapi.com\/api\/episode\/10","https:\/\/rickandmortyapi.com\/api\/episode\/11","https:\/\/rickandmortyapi.com\/api\/episode\/12","https:\/\/rickandmortyapi.com\/api\/episode\/13","https:\/\/rickandmortyapi.com\/api\/episode\/14","https:\/\/rickandmortyapi.com\/api\/episode\/15","https:\/\/rickandmortyapi.com\/api\/episode\/16","https:\/\/rickandmortyapi.com\/api\/episode\/17","https:\/\/rickandmortyapi.com\/api\/episode\/18","https:\/\/rickandmortyapi.com\/api\/episode\/19","https:\/\/rickandmortyapi.com\/api\/episode\/20","https:\/\/rickandmortyapi.com\/api\/episode\/21","https:\/\/rickandmortyapi.com\/api\/episode\/22","https:\/\/rickandmortyapi.com\/api\/episode\/23","https:\/\/rickandmortyapi.com\/api\/episode\/24","https:\/\/rickandmortyapi.com\/api\/episode\/25","https:\/\/rickandmortyapi.com\/api\/episode\/26","https:\/\/rickandmortyapi.com\/api\/episode\/27","https:\/\/rickandmortyapi.com\/api\/episode\/28","https:\/\/rickandmortyapi.com\/api\/episode\/29","https:\/\/rickandmortyapi.com\/api\/episode\/30","https:\/\/rickandmortyapi.com\/api\/episode\/31","https:\/\/rickandmortyapi.com\/api\/episode\/32","https:\/\/rickandmortyapi.com\/api\/episode\/33","https:\/\/rickandmortyapi.com\/api\/episode\/34","https:\/\/rickandmortyapi.com\/api\/episode\/35","https:\/\/rickandmortyapi.com\/api\/episode\/36","https:\/\/rickandmortyapi.com\/api\/episode\/37","https:\/\/rickandmortyapi.com\/api\/episode\/38","https:\/\/rickandmortyapi.com\/api\/episode\/39","https:\/\/rickandmortyapi.com\/api\/episode\/40","https:\/\/rickandmortyapi.com\/api\/episode\/41","https:\/\/rickandmortyapi.com\/api\/episode\/42","https:\/\/rickandmortyapi.com\/api\/episode\/43","https:\/\/rickandmortyapi.com\/api\/episode\/44","https:\/\/rickandmortyapi.com\/api\/episode\/45","https:\/\/rickandmortyapi.com\/api\/episode\/46","https:\/\/rickandmortyapi.com\/api\/episode\/47","https:\/\/rickandmortyapi.com\/api\/episode\/48","https:\/\/rickandmortyapi.com\/api\/episode\/49","https:\/\/rickandmortyapi.com\/api\/episode\/50","https:\/\/rickandmortyapi.com\/api\/episode\/51"],"id":1,"type":"","url":"https:\/\/rickandmortyapi.com\/api\/character\/1","status":"Alive"}
14:56:48.698 [main] DEBUG com.intuit.karate.Suite - [config] classpath:karate-config.js
14:56:49.293 [main] INFO  com.intuit.karate - karate.env system property was: null 
14:56:49.500 [main] DEBUG com.intuit.karate - request:
1 > GET https://rickandmortyapi.com/api/character/1
1 > Host: rickandmortyapi.com
1 > Connection: Keep-Alive
1 > User-Agent: Apache-HttpClient/4.5.13 (Java/21.0.1)
1 > Accept-Encoding: gzip,deflate


14:56:49.739 [main] DEBUG com.intuit.karate - response time in milliseconds: 213
1 < 200
1 < Access-Control-Allow-Origin: *
1 < Age: 161582
1 < Cache-Control: max-age=259200
1 < Cache-Status: "Netlify Edge"; hit
1 < Content-Type: application/json; charset=utf-8
1 < Date: Sun, 03 Dec 2023 17:56:49 GMT
1 < Etag: W/"a9f-I68Cx5oSPFclkl+Wy2Fr9jNsFS8"
1 < Expires: Mon, 04 Dec 2023 21:03:47 GMT
1 < Server: Netlify
1 < Strict-Transport-Security: max-age=31536000
1 < X-Nf-Request-Id: 01HGRD6SH4H9YZ74TTN88NYBYK
1 < X-Powered-By: Express
{"image":"https:\/\/rickandmortyapi.com\/api\/character\/avatar\/1.jpeg","gender":"Male","species":"Human","created":"2017-11-04T18:48:46.250Z","origin":{"name":"Earth (C-137)","url":"https:\/\/rickandmortyapi.com\/api\/location\/1"},"name":"Rick Sanchez","location":{"name":"Citadel of Ricks","url":"https:\/\/rickandmortyapi.com\/api\/location\/3"},"episode":["https:\/\/rickandmortyapi.com\/api\/episode\/1","https:\/\/rickandmortyapi.com\/api\/episode\/2","https:\/\/rickandmortyapi.com\/api\/episode\/3","https:\/\/rickandmortyapi.com\/api\/episode\/4","https:\/\/rickandmortyapi.com\/api\/episode\/5","https:\/\/rickandmortyapi.com\/api\/episode\/6","https:\/\/rickandmortyapi.com\/api\/episode\/7","https:\/\/rickandmortyapi.com\/api\/episode\/8","https:\/\/rickandmortyapi.com\/api\/episode\/9","https:\/\/rickandmortyapi.com\/api\/episode\/10","https:\/\/rickandmortyapi.com\/api\/episode\/11","https:\/\/rickandmortyapi.com\/api\/episode\/12","https:\/\/rickandmortyapi.com\/api\/episode\/13","https:\/\/rickandmortyapi.com\/api\/episode\/14","https:\/\/rickandmortyapi.com\/api\/episode\/15","https:\/\/rickandmortyapi.com\/api\/episode\/16","https:\/\/rickandmortyapi.com\/api\/episode\/17","https:\/\/rickandmortyapi.com\/api\/episode\/18","https:\/\/rickandmortyapi.com\/api\/episode\/19","https:\/\/rickandmortyapi.com\/api\/episode\/20","https:\/\/rickandmortyapi.com\/api\/episode\/21","https:\/\/rickandmortyapi.com\/api\/episode\/22","https:\/\/rickandmortyapi.com\/api\/episode\/23","https:\/\/rickandmortyapi.com\/api\/episode\/24","https:\/\/rickandmortyapi.com\/api\/episode\/25","https:\/\/rickandmortyapi.com\/api\/episode\/26","https:\/\/rickandmortyapi.com\/api\/episode\/27","https:\/\/rickandmortyapi.com\/api\/episode\/28","https:\/\/rickandmortyapi.com\/api\/episode\/29","https:\/\/rickandmortyapi.com\/api\/episode\/30","https:\/\/rickandmortyapi.com\/api\/episode\/31","https:\/\/rickandmortyapi.com\/api\/episode\/32","https:\/\/rickandmortyapi.com\/api\/episode\/33","https:\/\/rickandmortyapi.com\/api\/episode\/34","https:\/\/rickandmortyapi.com\/api\/episode\/35","https:\/\/rickandmortyapi.com\/api\/episode\/36","https:\/\/rickandmortyapi.com\/api\/episode\/37","https:\/\/rickandmortyapi.com\/api\/episode\/38","https:\/\/rickandmortyapi.com\/api\/episode\/39","https:\/\/rickandmortyapi.com\/api\/episode\/40","https:\/\/rickandmortyapi.com\/api\/episode\/41","https:\/\/rickandmortyapi.com\/api\/episode\/42","https:\/\/rickandmortyapi.com\/api\/episode\/43","https:\/\/rickandmortyapi.com\/api\/episode\/44","https:\/\/rickandmortyapi.com\/api\/episode\/45","https:\/\/rickandmortyapi.com\/api\/episode\/46","https:\/\/rickandmortyapi.com\/api\/episode\/47","https:\/\/rickandmortyapi.com\/api\/episode\/48","https:\/\/rickandmortyapi.com\/api\/episode\/49","https:\/\/rickandmortyapi.com\/api\/episode\/50","https:\/\/rickandmortyapi.com\/api\/episode\/51"],"id":1,"type":"","url":"https:\/\/rickandmortyapi.com\/api\/character\/1","status":"Alive"}
14:57:10.233 [main] DEBUG com.intuit.karate.Suite - [config] classpath:karate-config.js
14:57:10.809 [main] INFO  com.intuit.karate - karate.env system property was: null 
14:57:11.007 [main] DEBUG com.intuit.karate - request:
1 > GET https://rickandmortyapi.com/api/character/1
1 > Host: rickandmortyapi.com
1 > Connection: Keep-Alive
1 > User-Agent: Apache-HttpClient/4.5.13 (Java/21.0.1)
1 > Accept-Encoding: gzip,deflate


14:57:11.595 [main] DEBUG com.intuit.karate - response time in milliseconds: 564
1 < 200
1 < Access-Control-Allow-Origin: *
1 < Age: 0
1 < Cache-Control: max-age=259200
1 < Cache-Status: "Netlify Edge"; fwd=stale
1 < Content-Type: application/json; charset=utf-8
1 < Date: Sun, 03 Dec 2023 17:57:11 GMT
1 < Etag: W/"a9f-I68Cx5oSPFclkl+Wy2Fr9jNsFS8"
1 < Expires: Wed, 06 Dec 2023 17:57:11 GMT
1 < Server: Netlify
1 < Strict-Transport-Security: max-age=31536000
1 < X-Nf-Request-Id: 01HGRD7EMB83Q1WV7F2Y1YDNC4
1 < X-Powered-By: Express
{"image":"https:\/\/rickandmortyapi.com\/api\/character\/avatar\/1.jpeg","gender":"Male","species":"Human","created":"2017-11-04T18:48:46.250Z","origin":{"name":"Earth (C-137)","url":"https:\/\/rickandmortyapi.com\/api\/location\/1"},"name":"Rick Sanchez","location":{"name":"Citadel of Ricks","url":"https:\/\/rickandmortyapi.com\/api\/location\/3"},"episode":["https:\/\/rickandmortyapi.com\/api\/episode\/1","https:\/\/rickandmortyapi.com\/api\/episode\/2","https:\/\/rickandmortyapi.com\/api\/episode\/3","https:\/\/rickandmortyapi.com\/api\/episode\/4","https:\/\/rickandmortyapi.com\/api\/episode\/5","https:\/\/rickandmortyapi.com\/api\/episode\/6","https:\/\/rickandmortyapi.com\/api\/episode\/7","https:\/\/rickandmortyapi.com\/api\/episode\/8","https:\/\/rickandmortyapi.com\/api\/episode\/9","https:\/\/rickandmortyapi.com\/api\/episode\/10","https:\/\/rickandmortyapi.com\/api\/episode\/11","https:\/\/rickandmortyapi.com\/api\/episode\/12","https:\/\/rickandmortyapi.com\/api\/episode\/13","https:\/\/rickandmortyapi.com\/api\/episode\/14","https:\/\/rickandmortyapi.com\/api\/episode\/15","https:\/\/rickandmortyapi.com\/api\/episode\/16","https:\/\/rickandmortyapi.com\/api\/episode\/17","https:\/\/rickandmortyapi.com\/api\/episode\/18","https:\/\/rickandmortyapi.com\/api\/episode\/19","https:\/\/rickandmortyapi.com\/api\/episode\/20","https:\/\/rickandmortyapi.com\/api\/episode\/21","https:\/\/rickandmortyapi.com\/api\/episode\/22","https:\/\/rickandmortyapi.com\/api\/episode\/23","https:\/\/rickandmortyapi.com\/api\/episode\/24","https:\/\/rickandmortyapi.com\/api\/episode\/25","https:\/\/rickandmortyapi.com\/api\/episode\/26","https:\/\/rickandmortyapi.com\/api\/episode\/27","https:\/\/rickandmortyapi.com\/api\/episode\/28","https:\/\/rickandmortyapi.com\/api\/episode\/29","https:\/\/rickandmortyapi.com\/api\/episode\/30","https:\/\/rickandmortyapi.com\/api\/episode\/31","https:\/\/rickandmortyapi.com\/api\/episode\/32","https:\/\/rickandmortyapi.com\/api\/episode\/33","https:\/\/rickandmortyapi.com\/api\/episode\/34","https:\/\/rickandmortyapi.com\/api\/episode\/35","https:\/\/rickandmortyapi.com\/api\/episode\/36","https:\/\/rickandmortyapi.com\/api\/episode\/37","https:\/\/rickandmortyapi.com\/api\/episode\/38","https:\/\/rickandmortyapi.com\/api\/episode\/39","https:\/\/rickandmortyapi.com\/api\/episode\/40","https:\/\/rickandmortyapi.com\/api\/episode\/41","https:\/\/rickandmortyapi.com\/api\/episode\/42","https:\/\/rickandmortyapi.com\/api\/episode\/43","https:\/\/rickandmortyapi.com\/api\/episode\/44","https:\/\/rickandmortyapi.com\/api\/episode\/45","https:\/\/rickandmortyapi.com\/api\/episode\/46","https:\/\/rickandmortyapi.com\/api\/episode\/47","https:\/\/rickandmortyapi.com\/api\/episode\/48","https:\/\/rickandmortyapi.com\/api\/episode\/49","https:\/\/rickandmortyapi.com\/api\/episode\/50","https:\/\/rickandmortyapi.com\/api\/episode\/51"],"id":1,"type":"","url":"https:\/\/rickandmortyapi.com\/api\/character\/1","status":"Alive"}
15:03:43.082 [main] DEBUG com.intuit.karate.Suite - [config] classpath:karate-config.js
15:03:43.704 [main] INFO  com.intuit.karate - karate.env system property was: null 
15:03:43.920 [main] DEBUG com.intuit.karate - request:
1 > GET https://rickandmortyapi.com/api/character/1
1 > Host: rickandmortyapi.com
1 > Connection: Keep-Alive
1 > User-Agent: Apache-HttpClient/4.5.13 (Java/21.0.1)
1 > Accept-Encoding: gzip,deflate


15:03:44.162 [main] DEBUG com.intuit.karate - response time in milliseconds: 217
1 < 200
1 < Access-Control-Allow-Origin: *
1 < Age: 249484
1 < Cache-Control: max-age=259200
1 < Cache-Status: "Netlify Edge"; hit
1 < Content-Type: application/json; charset=utf-8
1 < Date: Sun, 03 Dec 2023 18:03:44 GMT
1 < Etag: W/"a9f-I68Cx5oSPFclkl+Wy2Fr9jNsFS8"
1 < Expires: Sun, 03 Dec 2023 20:45:40 GMT
1 < Server: Netlify
1 < Strict-Transport-Security: max-age=31536000
1 < Vary: Accept-Encoding
1 < X-Nf-Request-Id: 01HGRDKE82PYTDGZ0ZPZ1QRMY5
1 < X-Powered-By: Express
{"image":"https:\/\/rickandmortyapi.com\/api\/character\/avatar\/1.jpeg","gender":"Male","species":"Human","created":"2017-11-04T18:48:46.250Z","origin":{"name":"Earth (C-137)","url":"https:\/\/rickandmortyapi.com\/api\/location\/1"},"name":"Rick Sanchez","location":{"name":"Citadel of Ricks","url":"https:\/\/rickandmortyapi.com\/api\/location\/3"},"episode":["https:\/\/rickandmortyapi.com\/api\/episode\/1","https:\/\/rickandmortyapi.com\/api\/episode\/2","https:\/\/rickandmortyapi.com\/api\/episode\/3","https:\/\/rickandmortyapi.com\/api\/episode\/4","https:\/\/rickandmortyapi.com\/api\/episode\/5","https:\/\/rickandmortyapi.com\/api\/episode\/6","https:\/\/rickandmortyapi.com\/api\/episode\/7","https:\/\/rickandmortyapi.com\/api\/episode\/8","https:\/\/rickandmortyapi.com\/api\/episode\/9","https:\/\/rickandmortyapi.com\/api\/episode\/10","https:\/\/rickandmortyapi.com\/api\/episode\/11","https:\/\/rickandmortyapi.com\/api\/episode\/12","https:\/\/rickandmortyapi.com\/api\/episode\/13","https:\/\/rickandmortyapi.com\/api\/episode\/14","https:\/\/rickandmortyapi.com\/api\/episode\/15","https:\/\/rickandmortyapi.com\/api\/episode\/16","https:\/\/rickandmortyapi.com\/api\/episode\/17","https:\/\/rickandmortyapi.com\/api\/episode\/18","https:\/\/rickandmortyapi.com\/api\/episode\/19","https:\/\/rickandmortyapi.com\/api\/episode\/20","https:\/\/rickandmortyapi.com\/api\/episode\/21","https:\/\/rickandmortyapi.com\/api\/episode\/22","https:\/\/rickandmortyapi.com\/api\/episode\/23","https:\/\/rickandmortyapi.com\/api\/episode\/24","https:\/\/rickandmortyapi.com\/api\/episode\/25","https:\/\/rickandmortyapi.com\/api\/episode\/26","https:\/\/rickandmortyapi.com\/api\/episode\/27","https:\/\/rickandmortyapi.com\/api\/episode\/28","https:\/\/rickandmortyapi.com\/api\/episode\/29","https:\/\/rickandmortyapi.com\/api\/episode\/30","https:\/\/rickandmortyapi.com\/api\/episode\/31","https:\/\/rickandmortyapi.com\/api\/episode\/32","https:\/\/rickandmortyapi.com\/api\/episode\/33","https:\/\/rickandmortyapi.com\/api\/episode\/34","https:\/\/rickandmortyapi.com\/api\/episode\/35","https:\/\/rickandmortyapi.com\/api\/episode\/36","https:\/\/rickandmortyapi.com\/api\/episode\/37","https:\/\/rickandmortyapi.com\/api\/episode\/38","https:\/\/rickandmortyapi.com\/api\/episode\/39","https:\/\/rickandmortyapi.com\/api\/episode\/40","https:\/\/rickandmortyapi.com\/api\/episode\/41","https:\/\/rickandmortyapi.com\/api\/episode\/42","https:\/\/rickandmortyapi.com\/api\/episode\/43","https:\/\/rickandmortyapi.com\/api\/episode\/44","https:\/\/rickandmortyapi.com\/api\/episode\/45","https:\/\/rickandmortyapi.com\/api\/episode\/46","https:\/\/rickandmortyapi.com\/api\/episode\/47","https:\/\/rickandmortyapi.com\/api\/episode\/48","https:\/\/rickandmortyapi.com\/api\/episode\/49","https:\/\/rickandmortyapi.com\/api\/episode\/50","https:\/\/rickandmortyapi.com\/api\/episode\/51"],"id":1,"type":"","url":"https:\/\/rickandmortyapi.com\/api\/character\/1","status":"Alive"}
15:03:44.181 [main] INFO  com.intuit.karate - karate.env system property was: null 
15:03:44.198 [main] ERROR com.intuit.karate - classpath:Projeto/rickMorty.feature:12
Given path 'api/character/99999'  # ID de personagem inexistente
>>>> js failed:
01: ['api/character/99999'  # ID de personagem inexistente]
<<<<
org.graalvm.polyglot.PolyglotException: SyntaxError: Unnamed:1:24 Expected comma but found error
['api/character/99999'  # ID de personagem inexistente]
                        ^

- org.graalvm.polyglot.Context.eval(Context.java:373)
- com.intuit.karate.graal.JsEngine.evalForValue(JsEngine.java:124)
- com.intuit.karate.graal.JsEngine.eval(JsEngine.java:120)
- com.intuit.karate.core.ScenarioEngine.evalJs(ScenarioEngine.java:1246)
- com.intuit.karate.core.ScenarioEngine.path(ScenarioEngine.java:365)
- com.intuit.karate.ScenarioActions.path(ScenarioActions.java:82)
- java.base/jdk.internal.reflect.DirectMethodHandleAccessor.invoke(DirectMethodHandleAccessor.java:103)

classpath:Projeto/rickMorty.feature:12
15:05:16.794 [main] DEBUG com.intuit.karate.Suite - [config] classpath:karate-config.js
15:05:17.377 [main] INFO  com.intuit.karate - karate.env system property was: null 
15:05:17.584 [main] DEBUG com.intuit.karate - request:
1 > GET https://rickandmortyapi.com/api/character/1
1 > Host: rickandmortyapi.com
1 > Connection: Keep-Alive
1 > User-Agent: Apache-HttpClient/4.5.13 (Java/21.0.1)
1 > Accept-Encoding: gzip,deflate


15:05:17.803 [main] DEBUG com.intuit.karate - response time in milliseconds: 196
1 < 200
1 < Access-Control-Allow-Origin: *
1 < Age: 162090
1 < Cache-Control: max-age=259200
1 < Cache-Status: "Netlify Edge"; hit
1 < Content-Type: application/json; charset=utf-8
1 < Date: Sun, 03 Dec 2023 18:05:17 GMT
1 < Etag: W/"a9f-I68Cx5oSPFclkl+Wy2Fr9jNsFS8"
1 < Expires: Mon, 04 Dec 2023 21:03:47 GMT
1 < Server: Netlify
1 < Strict-Transport-Security: max-age=31536000
1 < X-Nf-Request-Id: 01HGRDP9PER0RE1PAJT9KS8HA2
1 < X-Powered-By: Express
{"image":"https:\/\/rickandmortyapi.com\/api\/character\/avatar\/1.jpeg","gender":"Male","species":"Human","created":"2017-11-04T18:48:46.250Z","origin":{"name":"Earth (C-137)","url":"https:\/\/rickandmortyapi.com\/api\/location\/1"},"name":"Rick Sanchez","location":{"name":"Citadel of Ricks","url":"https:\/\/rickandmortyapi.com\/api\/location\/3"},"episode":["https:\/\/rickandmortyapi.com\/api\/episode\/1","https:\/\/rickandmortyapi.com\/api\/episode\/2","https:\/\/rickandmortyapi.com\/api\/episode\/3","https:\/\/rickandmortyapi.com\/api\/episode\/4","https:\/\/rickandmortyapi.com\/api\/episode\/5","https:\/\/rickandmortyapi.com\/api\/episode\/6","https:\/\/rickandmortyapi.com\/api\/episode\/7","https:\/\/rickandmortyapi.com\/api\/episode\/8","https:\/\/rickandmortyapi.com\/api\/episode\/9","https:\/\/rickandmortyapi.com\/api\/episode\/10","https:\/\/rickandmortyapi.com\/api\/episode\/11","https:\/\/rickandmortyapi.com\/api\/episode\/12","https:\/\/rickandmortyapi.com\/api\/episode\/13","https:\/\/rickandmortyapi.com\/api\/episode\/14","https:\/\/rickandmortyapi.com\/api\/episode\/15","https:\/\/rickandmortyapi.com\/api\/episode\/16","https:\/\/rickandmortyapi.com\/api\/episode\/17","https:\/\/rickandmortyapi.com\/api\/episode\/18","https:\/\/rickandmortyapi.com\/api\/episode\/19","https:\/\/rickandmortyapi.com\/api\/episode\/20","https:\/\/rickandmortyapi.com\/api\/episode\/21","https:\/\/rickandmortyapi.com\/api\/episode\/22","https:\/\/rickandmortyapi.com\/api\/episode\/23","https:\/\/rickandmortyapi.com\/api\/episode\/24","https:\/\/rickandmortyapi.com\/api\/episode\/25","https:\/\/rickandmortyapi.com\/api\/episode\/26","https:\/\/rickandmortyapi.com\/api\/episode\/27","https:\/\/rickandmortyapi.com\/api\/episode\/28","https:\/\/rickandmortyapi.com\/api\/episode\/29","https:\/\/rickandmortyapi.com\/api\/episode\/30","https:\/\/rickandmortyapi.com\/api\/episode\/31","https:\/\/rickandmortyapi.com\/api\/episode\/32","https:\/\/rickandmortyapi.com\/api\/episode\/33","https:\/\/rickandmortyapi.com\/api\/episode\/34","https:\/\/rickandmortyapi.com\/api\/episode\/35","https:\/\/rickandmortyapi.com\/api\/episode\/36","https:\/\/rickandmortyapi.com\/api\/episode\/37","https:\/\/rickandmortyapi.com\/api\/episode\/38","https:\/\/rickandmortyapi.com\/api\/episode\/39","https:\/\/rickandmortyapi.com\/api\/episode\/40","https:\/\/rickandmortyapi.com\/api\/episode\/41","https:\/\/rickandmortyapi.com\/api\/episode\/42","https:\/\/rickandmortyapi.com\/api\/episode\/43","https:\/\/rickandmortyapi.com\/api\/episode\/44","https:\/\/rickandmortyapi.com\/api\/episode\/45","https:\/\/rickandmortyapi.com\/api\/episode\/46","https:\/\/rickandmortyapi.com\/api\/episode\/47","https:\/\/rickandmortyapi.com\/api\/episode\/48","https:\/\/rickandmortyapi.com\/api\/episode\/49","https:\/\/rickandmortyapi.com\/api\/episode\/50","https:\/\/rickandmortyapi.com\/api\/episode\/51"],"id":1,"type":"","url":"https:\/\/rickandmortyapi.com\/api\/character\/1","status":"Alive"}
15:05:17.821 [main] INFO  com.intuit.karate - karate.env system property was: null 
15:05:17.823 [main] DEBUG com.intuit.karate - request:
1 > GET https://rickandmortyapi.com/api/character/99999
1 > Host: rickandmortyapi.com
1 > Connection: Keep-Alive
1 > User-Agent: Apache-HttpClient/4.5.13 (Java/21.0.1)
1 > Accept-Encoding: gzip,deflate


15:05:18.096 [main] DEBUG com.intuit.karate - response time in milliseconds: 272
1 < 404
1 < Access-Control-Allow-Origin: *
1 < Age: 1
1 < Cache-Status: "Netlify Edge"; fwd=miss
1 < Content-Length: 31
1 < Content-Type: application/json; charset=utf-8
1 < Date: Sun, 03 Dec 2023 18:05:18 GMT
1 < Etag: W/"1f-t9l5xVmJZaPHJIukjZQ7Mw4gpG8"
1 < Server: Netlify
1 < Strict-Transport-Security: max-age=31536000
1 < X-Nf-Request-Id: 01HGRDP9SCED1D20E3RSYE59R8
1 < X-Powered-By: Express
{"error":"Character not found"}
